<?xml version="1.0" encoding="UTF-8"?>
<!-- Generated by org.testng.reporters.JUnitReportReporter -->
<testsuite hostname="MCSW69SLPC0023" failures="0" tests="1" name="testscript.MenSectionProducts" time="25.682" errors="0" timestamp="2025-02-02T17:59:00 IST" skipped="0">
  <testcase classname="testscript.MenSectionProducts" name="menSection" time="25.682"/>
  <system-out/>
</testsuite> <!-- testscript.MenSectionProducts -->
