<?xml version="1.0" encoding="UTF-8"?>
<!-- Generated by org.testng.reporters.JUnitReportReporter -->
<testsuite hostname="MCSW69SLPC0023" failures="0" tests="1" name="testscript.WomenSection" time="33.250" errors="0" timestamp="2025-02-02T17:59:00 IST" skipped="0">
  <testcase classname="testscript.WomenSection" name="womenSectionproduct" time="33.250"/>
  <system-out/>
</testsuite> <!-- testscript.WomenSection -->
